C:\Program Files\Microsoft Visual Studio\2022\Community\MSBuild\Microsoft\VC\v170\Microsoft.CppBuild.targets(531,5): warning MSB8028: The intermediate directory (CSC8503CoreClasses.dir\Debug\) contains files shared from another project (CSC8503CoreClasses.vcxproj).  This can lead to incorrect clean and rebuild behavior.
  Scanning sources for module dependencies...
  TutorialGame.cpp
C:\Users\c3057379\source\repos\CSC8507\CSC8503\TutorialGame.cpp(195,89): warning C4305: 'argument': truncation from 'double' to 'float'
C:\Users\c3057379\source\repos\CSC8507\CSC8503\TutorialGame.cpp(360,57): warning C4244: 'argument': conversion from 'int' to 'float', possible loss of data
C:\Users\c3057379\source\repos\CSC8507\CSC8503\TutorialGame.cpp(368,56): warning C4244: 'argument': conversion from 'int' to 'float', possible loss of data
C:\Users\c3057379\source\repos\CSC8507\CSC8503\TutorialGame.cpp(373,59): warning C4244: 'argument': conversion from 'int' to 'float', possible loss of data
C:\Users\c3057379\source\repos\CSC8507\CSC8503\TutorialGame.cpp(379,58): warning C4244: 'argument': conversion from 'int' to 'float', possible loss of data
C:\Users\c3057379\source\repos\CSC8507\CSC8503\TutorialGame.cpp(752,52): warning C4305: 'argument': truncation from 'double' to 'float'
C:\Users\c3057379\source\repos\CSC8507\CSC8503\TutorialGame.cpp(752,47): warning C4305: 'argument': truncation from 'double' to 'float'
C:\Users\c3057379\source\repos\CSC8507\CSC8503\TutorialGame.cpp(842,57): warning C4305: 'argument': truncation from 'double' to 'float'
C:\Users\c3057379\source\repos\CSC8507\CSC8503\TutorialGame.cpp(995,29): warning C4244: 'argument': conversion from 'int' to 'float', possible loss of data
C:\Users\c3057379\source\repos\CSC8507\CSC8503\TutorialGame.cpp(995,23): warning C4244: 'argument': conversion from 'int' to 'float', possible loss of data
C:\Users\c3057379\source\repos\CSC8507\CSC8503\TutorialGame.cpp(1010,64): warning C4305: 'argument': truncation from 'double' to 'float'
C:\Users\c3057379\source\repos\CSC8507\CSC8503\TutorialGame.cpp(1010,59): warning C4305: 'argument': truncation from 'double' to 'float'
C:\Users\c3057379\source\repos\CSC8507\CSC8503\TutorialGame.cpp(1017,15): warning C4267: 'initializing': conversion from 'size_t' to 'int', possible loss of data
C:\Users\c3057379\source\repos\CSC8507\CSC8503\TutorialGame.cpp(1117,58): warning C4244: 'argument': conversion from 'int' to 'float', possible loss of data
C:\Users\c3057379\source\repos\CSC8507\CSC8503\TutorialGame.cpp(1118,88): warning C4244: 'argument': conversion from 'int' to 'float', possible loss of data
C:\Users\c3057379\source\repos\CSC8507\CSC8503\TutorialGame.cpp(1131,57): warning C4244: 'argument': conversion from 'int' to 'float', possible loss of data
C:\Users\c3057379\source\repos\CSC8507\CSC8503\TutorialGame.cpp(1132,69): warning C4244: 'argument': conversion from 'int' to 'float', possible loss of data
C:\Users\c3057379\source\repos\CSC8507\CSC8503\TutorialGame.cpp(1191,54): warning C4244: '=': conversion from 'float' to 'int', possible loss of data
C:\Users\c3057379\source\repos\CSC8507\CSC8503\TutorialGame.cpp(1191,110): warning C4244: '=': conversion from 'float' to 'int', possible loss of data
C:\Users\c3057379\source\repos\CSC8507\CSC8503\TutorialGame.cpp(1211,18): warning C4244: '=': conversion from 'int' to 'float', possible loss of data
C:\Users\c3057379\source\repos\CSC8507\CSC8503\TutorialGame.cpp(1253,18): warning C4244: '=': conversion from 'int' to 'float', possible loss of data
  CSC8503.vcxproj -> C:\Users\c3057379\source\repos\CSC8507\x64\Debug\CSC8503.exe
